2017-05-17 10:16:06 Notice: Notice (8): Undefined variable: companies_ids in [C:\xampp\htdocs\machrou3\src\Model\Table\ProjectStagesTable.php, line 119]
Request URL: /machrou3/consult
Referer URL: http://localhost/machrou3/
Trace:
Cake\Error\BaseErrorHandler::handleError() - CORE\src\Error\BaseErrorHandler.php, line 146
App\Model\Table\ProjectStagesTable::getCountProjectsByStagesByUser() - APP/Model\Table\ProjectStagesTable.php, line 119
App\Controller\ConsultController::index() - APP/Controller\ConsultController.php, line 186
Cake\Controller\Controller::invokeAction() - CORE\src\Controller\Controller.php, line 435
Cake\Http\ActionDispatcher::_invoke() - CORE\src\Http\ActionDispatcher.php, line 121
Cake\Http\ActionDispatcher::dispatch() - CORE\src\Http\ActionDispatcher.php, line 95
Cake\Http\BaseApplication::__invoke() - CORE\src\Http\BaseApplication.php, line 83
Cake\Http\Runner::__invoke() - CORE\src\Http\Runner.php, line 65
Cake\Routing\Middleware\RoutingMiddleware::__invoke() - CORE\src\Routing\Middleware\RoutingMiddleware.php, line 62
Cake\Http\Runner::__invoke() - CORE\src\Http\Runner.php, line 65
Cake\Routing\Middleware\AssetMiddleware::__invoke() - CORE\src\Routing\Middleware\AssetMiddleware.php, line 88
Cake\Http\Runner::__invoke() - CORE\src\Http\Runner.php, line 65
Cake\Error\Middleware\ErrorHandlerMiddleware::__invoke() - CORE\src\Error\Middleware\ErrorHandlerMiddleware.php, line 81
Cake\Http\Runner::__invoke() - CORE\src\Http\Runner.php, line 65
Cake\Http\Runner::run() - CORE\src\Http\Runner.php, line 51
Cake\Http\Server::run() - CORE\src\Http\Server.php, line 90
[main] - ROOT\webroot\index.php, line 37



2017-05-17 10:16:06 Notice: Notice (8): Undefined variable: companies_ids_string in [C:\xampp\htdocs\machrou3\src\Model\Table\ProjectStagesTable.php, line 123]
Request URL: /machrou3/consult
Referer URL: http://localhost/machrou3/
Trace:
Cake\Error\BaseErrorHandler::handleError() - CORE\src\Error\BaseErrorHandler.php, line 146
App\Model\Table\ProjectStagesTable::App\Model\Table\{closure}() - APP/Model\Table\ProjectStagesTable.php, line 123
Cake\ORM\Association::attachTo() - CORE\src\ORM\Association.php, line 584
Cake\ORM\EagerLoader::attachAssociations() - CORE\src\ORM\EagerLoader.php, line 362
Cake\ORM\Query::_transformQuery() - CORE\src\ORM\Query.php, line 984
Cake\ORM\Query::sql() - CORE\src\ORM\Query.php, line 935
Cake\Database\Driver\Mysql::prepare() - CORE\src\Database\Driver\Mysql.php, line 136
Cake\Database\Connection::prepare() - CORE\src\Database\Connection.php, line 221
Cake\Database\Connection::run() - CORE\src\Database\Connection.php, line 274
Cake\Database\Query::execute() - CORE\src\Database\Query.php, line 190
Cake\ORM\Query::_execute() - CORE\src\ORM\Query.php, line 957
Cake\ORM\Query::_all() - CORE\src\Datasource\QueryTrait.php, line 276
Cake\ORM\Query::all() - CORE\src\ORM\Query.php, line 905
Cake\ORM\Query::toArray() - CORE\src\Datasource\QueryTrait.php, line 293
App\Model\Table\ProjectStagesTable::getCountProjectsByStagesByUser() - APP/Model\Table\ProjectStagesTable.php, line 130
App\Controller\ConsultController::index() - APP/Controller\ConsultController.php, line 186
Cake\Controller\Controller::invokeAction() - CORE\src\Controller\Controller.php, line 435
Cake\Http\ActionDispatcher::_invoke() - CORE\src\Http\ActionDispatcher.php, line 121
Cake\Http\ActionDispatcher::dispatch() - CORE\src\Http\ActionDispatcher.php, line 95
Cake\Http\BaseApplication::__invoke() - CORE\src\Http\BaseApplication.php, line 83
Cake\Http\Runner::__invoke() - CORE\src\Http\Runner.php, line 65
Cake\Routing\Middleware\RoutingMiddleware::__invoke() - CORE\src\Routing\Middleware\RoutingMiddleware.php, line 62
Cake\Http\Runner::__invoke() - CORE\src\Http\Runner.php, line 65
Cake\Routing\Middleware\AssetMiddleware::__invoke() - CORE\src\Routing\Middleware\AssetMiddleware.php, line 88
Cake\Http\Runner::__invoke() - CORE\src\Http\Runner.php, line 65
Cake\Error\Middleware\ErrorHandlerMiddleware::__invoke() - CORE\src\Error\Middleware\ErrorHandlerMiddleware.php, line 81
Cake\Http\Runner::__invoke() - CORE\src\Http\Runner.php, line 65
Cake\Http\Runner::run() - CORE\src\Http\Runner.php, line 51
Cake\Http\Server::run() - CORE\src\Http\Server.php, line 90
[main] - ROOT\webroot\index.php, line 37



2017-05-17 10:16:06 Notice: Notice (8): Undefined variable: companies_ids_string in [C:\xampp\htdocs\machrou3\src\Model\Table\ProjectStagesTable.php, line 123]
Request URL: /machrou3/consult
Referer URL: http://localhost/machrou3/
Trace:
Cake\Error\BaseErrorHandler::handleError() - CORE\src\Error\BaseErrorHandler.php, line 146
App\Model\Table\ProjectStagesTable::App\Model\Table\{closure}() - APP/Model\Table\ProjectStagesTable.php, line 123
Cake\ORM\Association::attachTo() - CORE\src\ORM\Association.php, line 584
Cake\ORM\EagerLoader::attachAssociations() - CORE\src\ORM\EagerLoader.php, line 362
Cake\ORM\Query::_transformQuery() - CORE\src\ORM\Query.php, line 984
Cake\ORM\Query::sql() - CORE\src\ORM\Query.php, line 935
Cake\Database\Driver\Mysql::prepare() - CORE\src\Database\Driver\Mysql.php, line 136
Cake\Database\Connection::prepare() - CORE\src\Database\Connection.php, line 221
Cake\Database\Connection::run() - CORE\src\Database\Connection.php, line 274
Cake\Database\Query::execute() - CORE\src\Database\Query.php, line 190
Cake\ORM\Query::_execute() - CORE\src\ORM\Query.php, line 957
Cake\ORM\Query::_all() - CORE\src\Datasource\QueryTrait.php, line 276
Cake\ORM\Query::all() - CORE\src\ORM\Query.php, line 905
Cake\ORM\Query::toArray() - CORE\src\Datasource\QueryTrait.php, line 293
DebugKit\Panel\VariablesPanel::DebugKit\Panel\{closure}() - ROOT\vendor\cakephp\debug_kit\src\Panel\VariablesPanel.php, line 81
array_walk_recursive - [internal], line ??
DebugKit\Panel\VariablesPanel::shutdown() - ROOT\vendor\cakephp\debug_kit\src\Panel\VariablesPanel.php, line 113
Cake\Event\EventManager::_callListener() - CORE\src\Event\EventManager.php, line 422
Cake\Event\EventManager::dispatch() - CORE\src\Event\EventManager.php, line 391
Cake\Controller\Controller::dispatchEvent() - CORE\src\Event\EventDispatcherTrait.php, line 78
Cake\Error\ExceptionRenderer::_shutdown() - CORE\src\Error\ExceptionRenderer.php, line 373
Cake\Error\ExceptionRenderer::_outputMessage() - CORE\src\Error\ExceptionRenderer.php, line 321
Cake\Error\ExceptionRenderer::render() - CORE\src\Error\ExceptionRenderer.php, line 194
Cake\Error\Middleware\ErrorHandlerMiddleware::handleException() - CORE\src\Error\Middleware\ErrorHandlerMiddleware.php, line 99
Cake\Error\Middleware\ErrorHandlerMiddleware::__invoke() - CORE\src\Error\Middleware\ErrorHandlerMiddleware.php, line 83
Cake\Http\Runner::__invoke() - CORE\src\Http\Runner.php, line 65
Cake\Http\Runner::run() - CORE\src\Http\Runner.php, line 51
Cake\Http\Server::run() - CORE\src\Http\Server.php, line 90
[main] - ROOT\webroot\index.php, line 37



2017-05-17 10:16:06 Notice: Notice (8): Undefined variable: companies_ids_string in [C:\xampp\htdocs\machrou3\src\Model\Table\ProjectStagesTable.php, line 123]
Request URL: /machrou3/consult
Referer URL: http://localhost/machrou3/
Trace:
Cake\Error\BaseErrorHandler::handleError() - CORE\src\Error\BaseErrorHandler.php, line 146
App\Model\Table\ProjectStagesTable::App\Model\Table\{closure}() - APP/Model\Table\ProjectStagesTable.php, line 123
Cake\ORM\Association::attachTo() - CORE\src\ORM\Association.php, line 584
Cake\ORM\EagerLoader::attachAssociations() - CORE\src\ORM\EagerLoader.php, line 362
Cake\ORM\Query::_transformQuery() - CORE\src\ORM\Query.php, line 984
Cake\ORM\Query::sql() - CORE\src\ORM\Query.php, line 935
Cake\Database\Driver\Mysql::prepare() - CORE\src\Database\Driver\Mysql.php, line 136
Cake\Database\Connection::prepare() - CORE\src\Database\Connection.php, line 221
Cake\Database\Connection::run() - CORE\src\Database\Connection.php, line 274
Cake\Database\Query::execute() - CORE\src\Database\Query.php, line 190
Cake\ORM\Query::_execute() - CORE\src\ORM\Query.php, line 957
Cake\ORM\Query::_all() - CORE\src\Datasource\QueryTrait.php, line 276
Cake\ORM\Query::all() - CORE\src\ORM\Query.php, line 905
Cake\ORM\Query::toArray() - CORE\src\Datasource\QueryTrait.php, line 293
DebugKit\Panel\VariablesPanel::DebugKit\Panel\{closure}() - ROOT\vendor\cakephp\debug_kit\src\Panel\VariablesPanel.php, line 81
array_walk_recursive - [internal], line ??
DebugKit\Panel\VariablesPanel::shutdown() - ROOT\vendor\cakephp\debug_kit\src\Panel\VariablesPanel.php, line 113
Cake\Event\EventManager::_callListener() - CORE\src\Event\EventManager.php, line 422
Cake\Event\EventManager::dispatch() - CORE\src\Event\EventManager.php, line 391
Cake\Controller\Controller::dispatchEvent() - CORE\src\Event\EventDispatcherTrait.php, line 78
Cake\Error\ExceptionRenderer::_shutdown() - CORE\src\Error\ExceptionRenderer.php, line 373
Cake\Error\ExceptionRenderer::_outputMessage() - CORE\src\Error\ExceptionRenderer.php, line 321
Cake\Error\ExceptionRenderer::render() - CORE\src\Error\ExceptionRenderer.php, line 194
Cake\Error\Middleware\ErrorHandlerMiddleware::handleException() - CORE\src\Error\Middleware\ErrorHandlerMiddleware.php, line 99
Cake\Error\Middleware\ErrorHandlerMiddleware::__invoke() - CORE\src\Error\Middleware\ErrorHandlerMiddleware.php, line 83
Cake\Http\Runner::__invoke() - CORE\src\Http\Runner.php, line 65
Cake\Http\Runner::run() - CORE\src\Http\Runner.php, line 51
Cake\Http\Server::run() - CORE\src\Http\Server.php, line 90
[main] - ROOT\webroot\index.php, line 37



2017-05-17 10:16:06 Notice: Notice (8): Undefined variable: companies_ids_string in [C:\xampp\htdocs\machrou3\src\Model\Table\ProjectStagesTable.php, line 123]
Request URL: /machrou3/consult
Referer URL: http://localhost/machrou3/
Trace:
Cake\Error\BaseErrorHandler::handleError() - CORE\src\Error\BaseErrorHandler.php, line 146
App\Model\Table\ProjectStagesTable::App\Model\Table\{closure}() - APP/Model\Table\ProjectStagesTable.php, line 123
Cake\ORM\Association::attachTo() - CORE\src\ORM\Association.php, line 584
Cake\ORM\EagerLoader::attachAssociations() - CORE\src\ORM\EagerLoader.php, line 362
Cake\ORM\Query::_transformQuery() - CORE\src\ORM\Query.php, line 984
Cake\ORM\Query::sql() - CORE\src\ORM\Query.php, line 935
Cake\Database\Driver\Mysql::prepare() - CORE\src\Database\Driver\Mysql.php, line 136
Cake\Database\Connection::prepare() - CORE\src\Database\Connection.php, line 221
Cake\Database\Connection::run() - CORE\src\Database\Connection.php, line 274
Cake\Database\Query::execute() - CORE\src\Database\Query.php, line 190
Cake\ORM\Query::_execute() - CORE\src\ORM\Query.php, line 957
Cake\ORM\Query::_all() - CORE\src\Datasource\QueryTrait.php, line 276
Cake\ORM\Query::all() - CORE\src\ORM\Query.php, line 905
Cake\ORM\Query::toArray() - CORE\src\Datasource\QueryTrait.php, line 293
DebugKit\Panel\VariablesPanel::DebugKit\Panel\{closure}() - ROOT\vendor\cakephp\debug_kit\src\Panel\VariablesPanel.php, line 81
array_walk_recursive - [internal], line ??
DebugKit\Panel\VariablesPanel::shutdown() - ROOT\vendor\cakephp\debug_kit\src\Panel\VariablesPanel.php, line 113
Cake\Event\EventManager::_callListener() - CORE\src\Event\EventManager.php, line 422
Cake\Event\EventManager::dispatch() - CORE\src\Event\EventManager.php, line 391
Cake\Controller\Controller::dispatchEvent() - CORE\src\Event\EventDispatcherTrait.php, line 78
Cake\Error\ExceptionRenderer::_shutdown() - CORE\src\Error\ExceptionRenderer.php, line 373
Cake\Error\ExceptionRenderer::_outputMessage() - CORE\src\Error\ExceptionRenderer.php, line 321
Cake\Error\ExceptionRenderer::render() - CORE\src\Error\ExceptionRenderer.php, line 194
Cake\Error\Middleware\ErrorHandlerMiddleware::handleException() - CORE\src\Error\Middleware\ErrorHandlerMiddleware.php, line 99
Cake\Error\Middleware\ErrorHandlerMiddleware::__invoke() - CORE\src\Error\Middleware\ErrorHandlerMiddleware.php, line 83
Cake\Http\Runner::__invoke() - CORE\src\Http\Runner.php, line 65
Cake\Http\Runner::run() - CORE\src\Http\Runner.php, line 51
Cake\Http\Server::run() - CORE\src\Http\Server.php, line 90
[main] - ROOT\webroot\index.php, line 37



2017-05-17 10:16:06 Notice: Notice (8): Undefined variable: companies_ids_string in [C:\xampp\htdocs\machrou3\src\Model\Table\ProjectStagesTable.php, line 123]
Request URL: /machrou3/consult
Referer URL: http://localhost/machrou3/
Trace:
Cake\Error\BaseErrorHandler::handleError() - CORE\src\Error\BaseErrorHandler.php, line 146
App\Model\Table\ProjectStagesTable::App\Model\Table\{closure}() - APP/Model\Table\ProjectStagesTable.php, line 123
Cake\ORM\Association::attachTo() - CORE\src\ORM\Association.php, line 584
Cake\ORM\EagerLoader::attachAssociations() - CORE\src\ORM\EagerLoader.php, line 362
Cake\ORM\Query::_transformQuery() - CORE\src\ORM\Query.php, line 984
Cake\ORM\Query::sql() - CORE\src\ORM\Query.php, line 935
Cake\Database\Driver\Mysql::prepare() - CORE\src\Database\Driver\Mysql.php, line 136
Cake\Database\Connection::prepare() - CORE\src\Database\Connection.php, line 221
Cake\Database\Connection::run() - CORE\src\Database\Connection.php, line 274
Cake\Database\Query::execute() - CORE\src\Database\Query.php, line 190
Cake\ORM\Query::_execute() - CORE\src\ORM\Query.php, line 957
Cake\ORM\Query::_all() - CORE\src\Datasource\QueryTrait.php, line 276
Cake\ORM\Query::all() - CORE\src\ORM\Query.php, line 905
Cake\ORM\Query::toArray() - CORE\src\Datasource\QueryTrait.php, line 293
DebugKit\Panel\VariablesPanel::DebugKit\Panel\{closure}() - ROOT\vendor\cakephp\debug_kit\src\Panel\VariablesPanel.php, line 81
array_walk_recursive - [internal], line ??
DebugKit\Panel\VariablesPanel::shutdown() - ROOT\vendor\cakephp\debug_kit\src\Panel\VariablesPanel.php, line 113
Cake\Event\EventManager::_callListener() - CORE\src\Event\EventManager.php, line 422
Cake\Event\EventManager::dispatch() - CORE\src\Event\EventManager.php, line 391
Cake\Controller\Controller::dispatchEvent() - CORE\src\Event\EventDispatcherTrait.php, line 78
Cake\Error\ExceptionRenderer::_shutdown() - CORE\src\Error\ExceptionRenderer.php, line 373
Cake\Error\ExceptionRenderer::_outputMessage() - CORE\src\Error\ExceptionRenderer.php, line 321
Cake\Error\ExceptionRenderer::render() - CORE\src\Error\ExceptionRenderer.php, line 194
Cake\Error\Middleware\ErrorHandlerMiddleware::handleException() - CORE\src\Error\Middleware\ErrorHandlerMiddleware.php, line 99
Cake\Error\Middleware\ErrorHandlerMiddleware::__invoke() - CORE\src\Error\Middleware\ErrorHandlerMiddleware.php, line 83
Cake\Http\Runner::__invoke() - CORE\src\Http\Runner.php, line 65
Cake\Http\Runner::run() - CORE\src\Http\Runner.php, line 51
Cake\Http\Server::run() - CORE\src\Http\Server.php, line 90
[main] - ROOT\webroot\index.php, line 37



2017-05-17 10:16:06 Notice: Notice (8): Undefined variable: companies_ids_string in [C:\xampp\htdocs\machrou3\src\Model\Table\ProjectStagesTable.php, line 123]
Request URL: /machrou3/consult
Referer URL: http://localhost/machrou3/
Trace:
Cake\Error\BaseErrorHandler::handleError() - CORE\src\Error\BaseErrorHandler.php, line 146
App\Model\Table\ProjectStagesTable::App\Model\Table\{closure}() - APP/Model\Table\ProjectStagesTable.php, line 123
Cake\ORM\Association::attachTo() - CORE\src\ORM\Association.php, line 584
Cake\ORM\EagerLoader::attachAssociations() - CORE\src\ORM\EagerLoader.php, line 362
Cake\ORM\Query::_transformQuery() - CORE\src\ORM\Query.php, line 984
Cake\ORM\Query::sql() - CORE\src\ORM\Query.php, line 935
Cake\Database\Driver\Mysql::prepare() - CORE\src\Database\Driver\Mysql.php, line 136
Cake\Database\Connection::prepare() - CORE\src\Database\Connection.php, line 221
Cake\Database\Connection::run() - CORE\src\Database\Connection.php, line 274
Cake\Database\Query::execute() - CORE\src\Database\Query.php, line 190
Cake\ORM\Query::_execute() - CORE\src\ORM\Query.php, line 957
Cake\ORM\Query::_all() - CORE\src\Datasource\QueryTrait.php, line 276
Cake\ORM\Query::all() - CORE\src\ORM\Query.php, line 905
Cake\ORM\Query::toArray() - CORE\src\Datasource\QueryTrait.php, line 293
DebugKit\Panel\VariablesPanel::DebugKit\Panel\{closure}() - ROOT\vendor\cakephp\debug_kit\src\Panel\VariablesPanel.php, line 81
array_walk_recursive - [internal], line ??
DebugKit\Panel\VariablesPanel::shutdown() - ROOT\vendor\cakephp\debug_kit\src\Panel\VariablesPanel.php, line 113
Cake\Event\EventManager::_callListener() - CORE\src\Event\EventManager.php, line 422
Cake\Event\EventManager::dispatch() - CORE\src\Event\EventManager.php, line 391
Cake\Controller\Controller::dispatchEvent() - CORE\src\Event\EventDispatcherTrait.php, line 78
Cake\Error\ExceptionRenderer::_shutdown() - CORE\src\Error\ExceptionRenderer.php, line 373
Cake\Error\ExceptionRenderer::_outputMessage() - CORE\src\Error\ExceptionRenderer.php, line 321
Cake\Error\ExceptionRenderer::render() - CORE\src\Error\ExceptionRenderer.php, line 194
Cake\Error\Middleware\ErrorHandlerMiddleware::handleException() - CORE\src\Error\Middleware\ErrorHandlerMiddleware.php, line 99
Cake\Error\Middleware\ErrorHandlerMiddleware::__invoke() - CORE\src\Error\Middleware\ErrorHandlerMiddleware.php, line 83
Cake\Http\Runner::__invoke() - CORE\src\Http\Runner.php, line 65
Cake\Http\Runner::run() - CORE\src\Http\Runner.php, line 51
Cake\Http\Server::run() - CORE\src\Http\Server.php, line 90
[main] - ROOT\webroot\index.php, line 37



2017-05-17 10:16:06 Notice: Notice (8): Undefined variable: companies_ids_string in [C:\xampp\htdocs\machrou3\src\Model\Table\ProjectStagesTable.php, line 123]
Request URL: /machrou3/consult
Referer URL: http://localhost/machrou3/
Trace:
Cake\Error\BaseErrorHandler::handleError() - CORE\src\Error\BaseErrorHandler.php, line 146
App\Model\Table\ProjectStagesTable::App\Model\Table\{closure}() - APP/Model\Table\ProjectStagesTable.php, line 123
Cake\ORM\Association::attachTo() - CORE\src\ORM\Association.php, line 584
Cake\ORM\EagerLoader::attachAssociations() - CORE\src\ORM\EagerLoader.php, line 362
Cake\ORM\Query::_transformQuery() - CORE\src\ORM\Query.php, line 984
Cake\ORM\Query::sql() - CORE\src\ORM\Query.php, line 935
Cake\Database\Driver\Mysql::prepare() - CORE\src\Database\Driver\Mysql.php, line 136
Cake\Database\Connection::prepare() - CORE\src\Database\Connection.php, line 221
Cake\Database\Connection::run() - CORE\src\Database\Connection.php, line 274
Cake\Database\Query::execute() - CORE\src\Database\Query.php, line 190
Cake\ORM\Query::_execute() - CORE\src\ORM\Query.php, line 957
Cake\ORM\Query::_all() - CORE\src\Datasource\QueryTrait.php, line 276
Cake\ORM\Query::all() - CORE\src\ORM\Query.php, line 905
Cake\ORM\Query::toArray() - CORE\src\Datasource\QueryTrait.php, line 293
DebugKit\Panel\VariablesPanel::DebugKit\Panel\{closure}() - ROOT\vendor\cakephp\debug_kit\src\Panel\VariablesPanel.php, line 81
array_walk_recursive - [internal], line ??
DebugKit\Panel\VariablesPanel::shutdown() - ROOT\vendor\cakephp\debug_kit\src\Panel\VariablesPanel.php, line 113
Cake\Event\EventManager::_callListener() - CORE\src\Event\EventManager.php, line 422
Cake\Event\EventManager::dispatch() - CORE\src\Event\EventManager.php, line 391
Cake\Controller\Controller::dispatchEvent() - CORE\src\Event\EventDispatcherTrait.php, line 78
Cake\Error\ExceptionRenderer::_shutdown() - CORE\src\Error\ExceptionRenderer.php, line 373
Cake\Error\ExceptionRenderer::_outputMessage() - CORE\src\Error\ExceptionRenderer.php, line 321
Cake\Error\ExceptionRenderer::render() - CORE\src\Error\ExceptionRenderer.php, line 194
Cake\Error\Middleware\ErrorHandlerMiddleware::handleException() - CORE\src\Error\Middleware\ErrorHandlerMiddleware.php, line 99
Cake\Error\Middleware\ErrorHandlerMiddleware::__invoke() - CORE\src\Error\Middleware\ErrorHandlerMiddleware.php, line 83
Cake\Http\Runner::__invoke() - CORE\src\Http\Runner.php, line 65
Cake\Http\Runner::run() - CORE\src\Http\Runner.php, line 51
Cake\Http\Server::run() - CORE\src\Http\Server.php, line 90
[main] - ROOT\webroot\index.php, line 37



2017-05-17 10:16:06 Notice: Notice (8): Undefined variable: companies_ids_string in [C:\xampp\htdocs\machrou3\src\Model\Table\ProjectStagesTable.php, line 123]
Request URL: /machrou3/consult
Referer URL: http://localhost/machrou3/
Trace:
Cake\Error\BaseErrorHandler::handleError() - CORE\src\Error\BaseErrorHandler.php, line 146
App\Model\Table\ProjectStagesTable::App\Model\Table\{closure}() - APP/Model\Table\ProjectStagesTable.php, line 123
Cake\ORM\Association::attachTo() - CORE\src\ORM\Association.php, line 584
Cake\ORM\EagerLoader::attachAssociations() - CORE\src\ORM\EagerLoader.php, line 362
Cake\ORM\Query::_transformQuery() - CORE\src\ORM\Query.php, line 984
Cake\ORM\Query::sql() - CORE\src\ORM\Query.php, line 935
Cake\Database\Driver\Mysql::prepare() - CORE\src\Database\Driver\Mysql.php, line 136
Cake\Database\Connection::prepare() - CORE\src\Database\Connection.php, line 221
Cake\Database\Connection::run() - CORE\src\Database\Connection.php, line 274
Cake\Database\Query::execute() - CORE\src\Database\Query.php, line 190
Cake\ORM\Query::_execute() - CORE\src\ORM\Query.php, line 957
Cake\ORM\Query::_all() - CORE\src\Datasource\QueryTrait.php, line 276
Cake\ORM\Query::all() - CORE\src\ORM\Query.php, line 905
Cake\ORM\Query::toArray() - CORE\src\Datasource\QueryTrait.php, line 293
DebugKit\Panel\VariablesPanel::DebugKit\Panel\{closure}() - ROOT\vendor\cakephp\debug_kit\src\Panel\VariablesPanel.php, line 81
array_walk_recursive - [internal], line ??
DebugKit\Panel\VariablesPanel::shutdown() - ROOT\vendor\cakephp\debug_kit\src\Panel\VariablesPanel.php, line 113
Cake\Event\EventManager::_callListener() - CORE\src\Event\EventManager.php, line 422
Cake\Event\EventManager::dispatch() - CORE\src\Event\EventManager.php, line 391
Cake\Controller\Controller::dispatchEvent() - CORE\src\Event\EventDispatcherTrait.php, line 78
Cake\Error\ExceptionRenderer::_shutdown() - CORE\src\Error\ExceptionRenderer.php, line 373
Cake\Error\ExceptionRenderer::_outputMessage() - CORE\src\Error\ExceptionRenderer.php, line 321
Cake\Error\ExceptionRenderer::render() - CORE\src\Error\ExceptionRenderer.php, line 194
Cake\Error\Middleware\ErrorHandlerMiddleware::handleException() - CORE\src\Error\Middleware\ErrorHandlerMiddleware.php, line 99
Cake\Error\Middleware\ErrorHandlerMiddleware::__invoke() - CORE\src\Error\Middleware\ErrorHandlerMiddleware.php, line 83
Cake\Http\Runner::__invoke() - CORE\src\Http\Runner.php, line 65
Cake\Http\Runner::run() - CORE\src\Http\Runner.php, line 51
Cake\Http\Server::run() - CORE\src\Http\Server.php, line 90
[main] - ROOT\webroot\index.php, line 37



2017-05-17 10:16:20 Notice: Notice (8): Undefined variable: projects_ids_string in [C:\xampp\htdocs\machrou3\src\Model\Table\ProjectStagesTable.php, line 123]
Request URL: /machrou3/consult
Referer URL: http://localhost/machrou3/
Trace:
Cake\Error\BaseErrorHandler::handleError() - CORE\src\Error\BaseErrorHandler.php, line 146
App\Model\Table\ProjectStagesTable::App\Model\Table\{closure}() - APP/Model\Table\ProjectStagesTable.php, line 123
Cake\ORM\Association::attachTo() - CORE\src\ORM\Association.php, line 584
Cake\ORM\EagerLoader::attachAssociations() - CORE\src\ORM\EagerLoader.php, line 362
Cake\ORM\Query::_transformQuery() - CORE\src\ORM\Query.php, line 984
Cake\ORM\Query::sql() - CORE\src\ORM\Query.php, line 935
Cake\Database\Driver\Mysql::prepare() - CORE\src\Database\Driver\Mysql.php, line 136
Cake\Database\Connection::prepare() - CORE\src\Database\Connection.php, line 221
Cake\Database\Connection::run() - CORE\src\Database\Connection.php, line 274
Cake\Database\Query::execute() - CORE\src\Database\Query.php, line 190
Cake\ORM\Query::_execute() - CORE\src\ORM\Query.php, line 957
Cake\ORM\Query::_all() - CORE\src\Datasource\QueryTrait.php, line 276
Cake\ORM\Query::all() - CORE\src\ORM\Query.php, line 905
Cake\ORM\Query::toArray() - CORE\src\Datasource\QueryTrait.php, line 293
App\Model\Table\ProjectStagesTable::getCountProjectsByStagesByUser() - APP/Model\Table\ProjectStagesTable.php, line 130
App\Controller\ConsultController::index() - APP/Controller\ConsultController.php, line 186
Cake\Controller\Controller::invokeAction() - CORE\src\Controller\Controller.php, line 435
Cake\Http\ActionDispatcher::_invoke() - CORE\src\Http\ActionDispatcher.php, line 121
Cake\Http\ActionDispatcher::dispatch() - CORE\src\Http\ActionDispatcher.php, line 95
Cake\Http\BaseApplication::__invoke() - CORE\src\Http\BaseApplication.php, line 83
Cake\Http\Runner::__invoke() - CORE\src\Http\Runner.php, line 65
Cake\Routing\Middleware\RoutingMiddleware::__invoke() - CORE\src\Routing\Middleware\RoutingMiddleware.php, line 62
Cake\Http\Runner::__invoke() - CORE\src\Http\Runner.php, line 65
Cake\Routing\Middleware\AssetMiddleware::__invoke() - CORE\src\Routing\Middleware\AssetMiddleware.php, line 88
Cake\Http\Runner::__invoke() - CORE\src\Http\Runner.php, line 65
Cake\Error\Middleware\ErrorHandlerMiddleware::__invoke() - CORE\src\Error\Middleware\ErrorHandlerMiddleware.php, line 81
Cake\Http\Runner::__invoke() - CORE\src\Http\Runner.php, line 65
Cake\Http\Runner::run() - CORE\src\Http\Runner.php, line 51
Cake\Http\Server::run() - CORE\src\Http\Server.php, line 90
[main] - ROOT\webroot\index.php, line 37



2017-05-17 10:16:20 Notice: Notice (8): Undefined variable: projects_ids_string in [C:\xampp\htdocs\machrou3\src\Model\Table\ProjectStagesTable.php, line 123]
Request URL: /machrou3/consult
Referer URL: http://localhost/machrou3/
Trace:
Cake\Error\BaseErrorHandler::handleError() - CORE\src\Error\BaseErrorHandler.php, line 146
App\Model\Table\ProjectStagesTable::App\Model\Table\{closure}() - APP/Model\Table\ProjectStagesTable.php, line 123
Cake\ORM\Association::attachTo() - CORE\src\ORM\Association.php, line 584
Cake\ORM\EagerLoader::attachAssociations() - CORE\src\ORM\EagerLoader.php, line 362
Cake\ORM\Query::_transformQuery() - CORE\src\ORM\Query.php, line 984
Cake\ORM\Query::sql() - CORE\src\ORM\Query.php, line 935
Cake\Database\Driver\Mysql::prepare() - CORE\src\Database\Driver\Mysql.php, line 136
Cake\Database\Connection::prepare() - CORE\src\Database\Connection.php, line 221
Cake\Database\Connection::run() - CORE\src\Database\Connection.php, line 274
Cake\Database\Query::execute() - CORE\src\Database\Query.php, line 190
Cake\ORM\Query::_execute() - CORE\src\ORM\Query.php, line 957
Cake\ORM\Query::_all() - CORE\src\Datasource\QueryTrait.php, line 276
Cake\ORM\Query::all() - CORE\src\ORM\Query.php, line 905
Cake\ORM\Query::toArray() - CORE\src\Datasource\QueryTrait.php, line 293
DebugKit\Panel\VariablesPanel::DebugKit\Panel\{closure}() - ROOT\vendor\cakephp\debug_kit\src\Panel\VariablesPanel.php, line 81
array_walk_recursive - [internal], line ??
DebugKit\Panel\VariablesPanel::shutdown() - ROOT\vendor\cakephp\debug_kit\src\Panel\VariablesPanel.php, line 113
Cake\Event\EventManager::_callListener() - CORE\src\Event\EventManager.php, line 422
Cake\Event\EventManager::dispatch() - CORE\src\Event\EventManager.php, line 391
Cake\Controller\Controller::dispatchEvent() - CORE\src\Event\EventDispatcherTrait.php, line 78
Cake\Error\ExceptionRenderer::_shutdown() - CORE\src\Error\ExceptionRenderer.php, line 373
Cake\Error\ExceptionRenderer::_outputMessage() - CORE\src\Error\ExceptionRenderer.php, line 321
Cake\Error\ExceptionRenderer::render() - CORE\src\Error\ExceptionRenderer.php, line 194
Cake\Error\Middleware\ErrorHandlerMiddleware::handleException() - CORE\src\Error\Middleware\ErrorHandlerMiddleware.php, line 99
Cake\Error\Middleware\ErrorHandlerMiddleware::__invoke() - CORE\src\Error\Middleware\ErrorHandlerMiddleware.php, line 83
Cake\Http\Runner::__invoke() - CORE\src\Http\Runner.php, line 65
Cake\Http\Runner::run() - CORE\src\Http\Runner.php, line 51
Cake\Http\Server::run() - CORE\src\Http\Server.php, line 90
[main] - ROOT\webroot\index.php, line 37



2017-05-17 10:16:20 Notice: Notice (8): Undefined variable: projects_ids_string in [C:\xampp\htdocs\machrou3\src\Model\Table\ProjectStagesTable.php, line 123]
Request URL: /machrou3/consult
Referer URL: http://localhost/machrou3/
Trace:
Cake\Error\BaseErrorHandler::handleError() - CORE\src\Error\BaseErrorHandler.php, line 146
App\Model\Table\ProjectStagesTable::App\Model\Table\{closure}() - APP/Model\Table\ProjectStagesTable.php, line 123
Cake\ORM\Association::attachTo() - CORE\src\ORM\Association.php, line 584
Cake\ORM\EagerLoader::attachAssociations() - CORE\src\ORM\EagerLoader.php, line 362
Cake\ORM\Query::_transformQuery() - CORE\src\ORM\Query.php, line 984
Cake\ORM\Query::sql() - CORE\src\ORM\Query.php, line 935
Cake\Database\Driver\Mysql::prepare() - CORE\src\Database\Driver\Mysql.php, line 136
Cake\Database\Connection::prepare() - CORE\src\Database\Connection.php, line 221
Cake\Database\Connection::run() - CORE\src\Database\Connection.php, line 274
Cake\Database\Query::execute() - CORE\src\Database\Query.php, line 190
Cake\ORM\Query::_execute() - CORE\src\ORM\Query.php, line 957
Cake\ORM\Query::_all() - CORE\src\Datasource\QueryTrait.php, line 276
Cake\ORM\Query::all() - CORE\src\ORM\Query.php, line 905
Cake\ORM\Query::toArray() - CORE\src\Datasource\QueryTrait.php, line 293
DebugKit\Panel\VariablesPanel::DebugKit\Panel\{closure}() - ROOT\vendor\cakephp\debug_kit\src\Panel\VariablesPanel.php, line 81
array_walk_recursive - [internal], line ??
DebugKit\Panel\VariablesPanel::shutdown() - ROOT\vendor\cakephp\debug_kit\src\Panel\VariablesPanel.php, line 113
Cake\Event\EventManager::_callListener() - CORE\src\Event\EventManager.php, line 422
Cake\Event\EventManager::dispatch() - CORE\src\Event\EventManager.php, line 391
Cake\Controller\Controller::dispatchEvent() - CORE\src\Event\EventDispatcherTrait.php, line 78
Cake\Error\ExceptionRenderer::_shutdown() - CORE\src\Error\ExceptionRenderer.php, line 373
Cake\Error\ExceptionRenderer::_outputMessage() - CORE\src\Error\ExceptionRenderer.php, line 321
Cake\Error\ExceptionRenderer::render() - CORE\src\Error\ExceptionRenderer.php, line 194
Cake\Error\Middleware\ErrorHandlerMiddleware::handleException() - CORE\src\Error\Middleware\ErrorHandlerMiddleware.php, line 99
Cake\Error\Middleware\ErrorHandlerMiddleware::__invoke() - CORE\src\Error\Middleware\ErrorHandlerMiddleware.php, line 83
Cake\Http\Runner::__invoke() - CORE\src\Http\Runner.php, line 65
Cake\Http\Runner::run() - CORE\src\Http\Runner.php, line 51
Cake\Http\Server::run() - CORE\src\Http\Server.php, line 90
[main] - ROOT\webroot\index.php, line 37



2017-05-17 10:16:20 Notice: Notice (8): Undefined variable: projects_ids_string in [C:\xampp\htdocs\machrou3\src\Model\Table\ProjectStagesTable.php, line 123]
Request URL: /machrou3/consult
Referer URL: http://localhost/machrou3/
Trace:
Cake\Error\BaseErrorHandler::handleError() - CORE\src\Error\BaseErrorHandler.php, line 146
App\Model\Table\ProjectStagesTable::App\Model\Table\{closure}() - APP/Model\Table\ProjectStagesTable.php, line 123
Cake\ORM\Association::attachTo() - CORE\src\ORM\Association.php, line 584
Cake\ORM\EagerLoader::attachAssociations() - CORE\src\ORM\EagerLoader.php, line 362
Cake\ORM\Query::_transformQuery() - CORE\src\ORM\Query.php, line 984
Cake\ORM\Query::sql() - CORE\src\ORM\Query.php, line 935
Cake\Database\Driver\Mysql::prepare() - CORE\src\Database\Driver\Mysql.php, line 136
Cake\Database\Connection::prepare() - CORE\src\Database\Connection.php, line 221
Cake\Database\Connection::run() - CORE\src\Database\Connection.php, line 274
Cake\Database\Query::execute() - CORE\src\Database\Query.php, line 190
Cake\ORM\Query::_execute() - CORE\src\ORM\Query.php, line 957
Cake\ORM\Query::_all() - CORE\src\Datasource\QueryTrait.php, line 276
Cake\ORM\Query::all() - CORE\src\ORM\Query.php, line 905
Cake\ORM\Query::toArray() - CORE\src\Datasource\QueryTrait.php, line 293
DebugKit\Panel\VariablesPanel::DebugKit\Panel\{closure}() - ROOT\vendor\cakephp\debug_kit\src\Panel\VariablesPanel.php, line 81
array_walk_recursive - [internal], line ??
DebugKit\Panel\VariablesPanel::shutdown() - ROOT\vendor\cakephp\debug_kit\src\Panel\VariablesPanel.php, line 113
Cake\Event\EventManager::_callListener() - CORE\src\Event\EventManager.php, line 422
Cake\Event\EventManager::dispatch() - CORE\src\Event\EventManager.php, line 391
Cake\Controller\Controller::dispatchEvent() - CORE\src\Event\EventDispatcherTrait.php, line 78
Cake\Error\ExceptionRenderer::_shutdown() - CORE\src\Error\ExceptionRenderer.php, line 373
Cake\Error\ExceptionRenderer::_outputMessage() - CORE\src\Error\ExceptionRenderer.php, line 321
Cake\Error\ExceptionRenderer::render() - CORE\src\Error\ExceptionRenderer.php, line 194
Cake\Error\Middleware\ErrorHandlerMiddleware::handleException() - CORE\src\Error\Middleware\ErrorHandlerMiddleware.php, line 99
Cake\Error\Middleware\ErrorHandlerMiddleware::__invoke() - CORE\src\Error\Middleware\ErrorHandlerMiddleware.php, line 83
Cake\Http\Runner::__invoke() - CORE\src\Http\Runner.php, line 65
Cake\Http\Runner::run() - CORE\src\Http\Runner.php, line 51
Cake\Http\Server::run() - CORE\src\Http\Server.php, line 90
[main] - ROOT\webroot\index.php, line 37



2017-05-17 10:16:20 Notice: Notice (8): Undefined variable: projects_ids_string in [C:\xampp\htdocs\machrou3\src\Model\Table\ProjectStagesTable.php, line 123]
Request URL: /machrou3/consult
Referer URL: http://localhost/machrou3/
Trace:
Cake\Error\BaseErrorHandler::handleError() - CORE\src\Error\BaseErrorHandler.php, line 146
App\Model\Table\ProjectStagesTable::App\Model\Table\{closure}() - APP/Model\Table\ProjectStagesTable.php, line 123
Cake\ORM\Association::attachTo() - CORE\src\ORM\Association.php, line 584
Cake\ORM\EagerLoader::attachAssociations() - CORE\src\ORM\EagerLoader.php, line 362
Cake\ORM\Query::_transformQuery() - CORE\src\ORM\Query.php, line 984
Cake\ORM\Query::sql() - CORE\src\ORM\Query.php, line 935
Cake\Database\Driver\Mysql::prepare() - CORE\src\Database\Driver\Mysql.php, line 136
Cake\Database\Connection::prepare() - CORE\src\Database\Connection.php, line 221
Cake\Database\Connection::run() - CORE\src\Database\Connection.php, line 274
Cake\Database\Query::execute() - CORE\src\Database\Query.php, line 190
Cake\ORM\Query::_execute() - CORE\src\ORM\Query.php, line 957
Cake\ORM\Query::_all() - CORE\src\Datasource\QueryTrait.php, line 276
Cake\ORM\Query::all() - CORE\src\ORM\Query.php, line 905
Cake\ORM\Query::toArray() - CORE\src\Datasource\QueryTrait.php, line 293
DebugKit\Panel\VariablesPanel::DebugKit\Panel\{closure}() - ROOT\vendor\cakephp\debug_kit\src\Panel\VariablesPanel.php, line 81
array_walk_recursive - [internal], line ??
DebugKit\Panel\VariablesPanel::shutdown() - ROOT\vendor\cakephp\debug_kit\src\Panel\VariablesPanel.php, line 113
Cake\Event\EventManager::_callListener() - CORE\src\Event\EventManager.php, line 422
Cake\Event\EventManager::dispatch() - CORE\src\Event\EventManager.php, line 391
Cake\Controller\Controller::dispatchEvent() - CORE\src\Event\EventDispatcherTrait.php, line 78
Cake\Error\ExceptionRenderer::_shutdown() - CORE\src\Error\ExceptionRenderer.php, line 373
Cake\Error\ExceptionRenderer::_outputMessage() - CORE\src\Error\ExceptionRenderer.php, line 321
Cake\Error\ExceptionRenderer::render() - CORE\src\Error\ExceptionRenderer.php, line 194
Cake\Error\Middleware\ErrorHandlerMiddleware::handleException() - CORE\src\Error\Middleware\ErrorHandlerMiddleware.php, line 99
Cake\Error\Middleware\ErrorHandlerMiddleware::__invoke() - CORE\src\Error\Middleware\ErrorHandlerMiddleware.php, line 83
Cake\Http\Runner::__invoke() - CORE\src\Http\Runner.php, line 65
Cake\Http\Runner::run() - CORE\src\Http\Runner.php, line 51
Cake\Http\Server::run() - CORE\src\Http\Server.php, line 90
[main] - ROOT\webroot\index.php, line 37



2017-05-17 10:16:20 Notice: Notice (8): Undefined variable: projects_ids_string in [C:\xampp\htdocs\machrou3\src\Model\Table\ProjectStagesTable.php, line 123]
Request URL: /machrou3/consult
Referer URL: http://localhost/machrou3/
Trace:
Cake\Error\BaseErrorHandler::handleError() - CORE\src\Error\BaseErrorHandler.php, line 146
App\Model\Table\ProjectStagesTable::App\Model\Table\{closure}() - APP/Model\Table\ProjectStagesTable.php, line 123
Cake\ORM\Association::attachTo() - CORE\src\ORM\Association.php, line 584
Cake\ORM\EagerLoader::attachAssociations() - CORE\src\ORM\EagerLoader.php, line 362
Cake\ORM\Query::_transformQuery() - CORE\src\ORM\Query.php, line 984
Cake\ORM\Query::sql() - CORE\src\ORM\Query.php, line 935
Cake\Database\Driver\Mysql::prepare() - CORE\src\Database\Driver\Mysql.php, line 136
Cake\Database\Connection::prepare() - CORE\src\Database\Connection.php, line 221
Cake\Database\Connection::run() - CORE\src\Database\Connection.php, line 274
Cake\Database\Query::execute() - CORE\src\Database\Query.php, line 190
Cake\ORM\Query::_execute() - CORE\src\ORM\Query.php, line 957
Cake\ORM\Query::_all() - CORE\src\Datasource\QueryTrait.php, line 276
Cake\ORM\Query::all() - CORE\src\ORM\Query.php, line 905
Cake\ORM\Query::toArray() - CORE\src\Datasource\QueryTrait.php, line 293
DebugKit\Panel\VariablesPanel::DebugKit\Panel\{closure}() - ROOT\vendor\cakephp\debug_kit\src\Panel\VariablesPanel.php, line 81
array_walk_recursive - [internal], line ??
DebugKit\Panel\VariablesPanel::shutdown() - ROOT\vendor\cakephp\debug_kit\src\Panel\VariablesPanel.php, line 113
Cake\Event\EventManager::_callListener() - CORE\src\Event\EventManager.php, line 422
Cake\Event\EventManager::dispatch() - CORE\src\Event\EventManager.php, line 391
Cake\Controller\Controller::dispatchEvent() - CORE\src\Event\EventDispatcherTrait.php, line 78
Cake\Error\ExceptionRenderer::_shutdown() - CORE\src\Error\ExceptionRenderer.php, line 373
Cake\Error\ExceptionRenderer::_outputMessage() - CORE\src\Error\ExceptionRenderer.php, line 321
Cake\Error\ExceptionRenderer::render() - CORE\src\Error\ExceptionRenderer.php, line 194
Cake\Error\Middleware\ErrorHandlerMiddleware::handleException() - CORE\src\Error\Middleware\ErrorHandlerMiddleware.php, line 99
Cake\Error\Middleware\ErrorHandlerMiddleware::__invoke() - CORE\src\Error\Middleware\ErrorHandlerMiddleware.php, line 83
Cake\Http\Runner::__invoke() - CORE\src\Http\Runner.php, line 65
Cake\Http\Runner::run() - CORE\src\Http\Runner.php, line 51
Cake\Http\Server::run() - CORE\src\Http\Server.php, line 90
[main] - ROOT\webroot\index.php, line 37



2017-05-17 10:16:20 Notice: Notice (8): Undefined variable: projects_ids_string in [C:\xampp\htdocs\machrou3\src\Model\Table\ProjectStagesTable.php, line 123]
Request URL: /machrou3/consult
Referer URL: http://localhost/machrou3/
Trace:
Cake\Error\BaseErrorHandler::handleError() - CORE\src\Error\BaseErrorHandler.php, line 146
App\Model\Table\ProjectStagesTable::App\Model\Table\{closure}() - APP/Model\Table\ProjectStagesTable.php, line 123
Cake\ORM\Association::attachTo() - CORE\src\ORM\Association.php, line 584
Cake\ORM\EagerLoader::attachAssociations() - CORE\src\ORM\EagerLoader.php, line 362
Cake\ORM\Query::_transformQuery() - CORE\src\ORM\Query.php, line 984
Cake\ORM\Query::sql() - CORE\src\ORM\Query.php, line 935
Cake\Database\Driver\Mysql::prepare() - CORE\src\Database\Driver\Mysql.php, line 136
Cake\Database\Connection::prepare() - CORE\src\Database\Connection.php, line 221
Cake\Database\Connection::run() - CORE\src\Database\Connection.php, line 274
Cake\Database\Query::execute() - CORE\src\Database\Query.php, line 190
Cake\ORM\Query::_execute() - CORE\src\ORM\Query.php, line 957
Cake\ORM\Query::_all() - CORE\src\Datasource\QueryTrait.php, line 276
Cake\ORM\Query::all() - CORE\src\ORM\Query.php, line 905
Cake\ORM\Query::toArray() - CORE\src\Datasource\QueryTrait.php, line 293
DebugKit\Panel\VariablesPanel::DebugKit\Panel\{closure}() - ROOT\vendor\cakephp\debug_kit\src\Panel\VariablesPanel.php, line 81
array_walk_recursive - [internal], line ??
DebugKit\Panel\VariablesPanel::shutdown() - ROOT\vendor\cakephp\debug_kit\src\Panel\VariablesPanel.php, line 113
Cake\Event\EventManager::_callListener() - CORE\src\Event\EventManager.php, line 422
Cake\Event\EventManager::dispatch() - CORE\src\Event\EventManager.php, line 391
Cake\Controller\Controller::dispatchEvent() - CORE\src\Event\EventDispatcherTrait.php, line 78
Cake\Error\ExceptionRenderer::_shutdown() - CORE\src\Error\ExceptionRenderer.php, line 373
Cake\Error\ExceptionRenderer::_outputMessage() - CORE\src\Error\ExceptionRenderer.php, line 321
Cake\Error\ExceptionRenderer::render() - CORE\src\Error\ExceptionRenderer.php, line 194
Cake\Error\Middleware\ErrorHandlerMiddleware::handleException() - CORE\src\Error\Middleware\ErrorHandlerMiddleware.php, line 99
Cake\Error\Middleware\ErrorHandlerMiddleware::__invoke() - CORE\src\Error\Middleware\ErrorHandlerMiddleware.php, line 83
Cake\Http\Runner::__invoke() - CORE\src\Http\Runner.php, line 65
Cake\Http\Runner::run() - CORE\src\Http\Runner.php, line 51
Cake\Http\Server::run() - CORE\src\Http\Server.php, line 90
[main] - ROOT\webroot\index.php, line 37



2017-05-17 10:16:20 Notice: Notice (8): Undefined variable: projects_ids_string in [C:\xampp\htdocs\machrou3\src\Model\Table\ProjectStagesTable.php, line 123]
Request URL: /machrou3/consult
Referer URL: http://localhost/machrou3/
Trace:
Cake\Error\BaseErrorHandler::handleError() - CORE\src\Error\BaseErrorHandler.php, line 146
App\Model\Table\ProjectStagesTable::App\Model\Table\{closure}() - APP/Model\Table\ProjectStagesTable.php, line 123
Cake\ORM\Association::attachTo() - CORE\src\ORM\Association.php, line 584
Cake\ORM\EagerLoader::attachAssociations() - CORE\src\ORM\EagerLoader.php, line 362
Cake\ORM\Query::_transformQuery() - CORE\src\ORM\Query.php, line 984
Cake\ORM\Query::sql() - CORE\src\ORM\Query.php, line 935
Cake\Database\Driver\Mysql::prepare() - CORE\src\Database\Driver\Mysql.php, line 136
Cake\Database\Connection::prepare() - CORE\src\Database\Connection.php, line 221
Cake\Database\Connection::run() - CORE\src\Database\Connection.php, line 274
Cake\Database\Query::execute() - CORE\src\Database\Query.php, line 190
Cake\ORM\Query::_execute() - CORE\src\ORM\Query.php, line 957
Cake\ORM\Query::_all() - CORE\src\Datasource\QueryTrait.php, line 276
Cake\ORM\Query::all() - CORE\src\ORM\Query.php, line 905
Cake\ORM\Query::toArray() - CORE\src\Datasource\QueryTrait.php, line 293
DebugKit\Panel\VariablesPanel::DebugKit\Panel\{closure}() - ROOT\vendor\cakephp\debug_kit\src\Panel\VariablesPanel.php, line 81
array_walk_recursive - [internal], line ??
DebugKit\Panel\VariablesPanel::shutdown() - ROOT\vendor\cakephp\debug_kit\src\Panel\VariablesPanel.php, line 113
Cake\Event\EventManager::_callListener() - CORE\src\Event\EventManager.php, line 422
Cake\Event\EventManager::dispatch() - CORE\src\Event\EventManager.php, line 391
Cake\Controller\Controller::dispatchEvent() - CORE\src\Event\EventDispatcherTrait.php, line 78
Cake\Error\ExceptionRenderer::_shutdown() - CORE\src\Error\ExceptionRenderer.php, line 373
Cake\Error\ExceptionRenderer::_outputMessage() - CORE\src\Error\ExceptionRenderer.php, line 321
Cake\Error\ExceptionRenderer::render() - CORE\src\Error\ExceptionRenderer.php, line 194
Cake\Error\Middleware\ErrorHandlerMiddleware::handleException() - CORE\src\Error\Middleware\ErrorHandlerMiddleware.php, line 99
Cake\Error\Middleware\ErrorHandlerMiddleware::__invoke() - CORE\src\Error\Middleware\ErrorHandlerMiddleware.php, line 83
Cake\Http\Runner::__invoke() - CORE\src\Http\Runner.php, line 65
Cake\Http\Runner::run() - CORE\src\Http\Runner.php, line 51
Cake\Http\Server::run() - CORE\src\Http\Server.php, line 90
[main] - ROOT\webroot\index.php, line 37



2017-05-17 10:16:34 Notice: Notice (8): Trying to get property of non-object in [C:\xampp\htdocs\machrou3\src\Model\Table\UsersTable.php, line 280]
Request URL: /machrou3/consult
Referer URL: http://localhost/machrou3/
Trace:
Cake\Error\BaseErrorHandler::handleError() - CORE\src\Error\BaseErrorHandler.php, line 146
App\Model\Table\UsersTable::getAllEmployeesDataByUser() - APP/Model\Table\UsersTable.php, line 280
App\Model\Table\UsersTable::getCountEmpByUser() - APP/Model\Table\UsersTable.php, line 186
App\Controller\ConsultController::index() - APP/Controller\ConsultController.php, line 212
Cake\Controller\Controller::invokeAction() - CORE\src\Controller\Controller.php, line 435
Cake\Http\ActionDispatcher::_invoke() - CORE\src\Http\ActionDispatcher.php, line 121
Cake\Http\ActionDispatcher::dispatch() - CORE\src\Http\ActionDispatcher.php, line 95
Cake\Http\BaseApplication::__invoke() - CORE\src\Http\BaseApplication.php, line 83
Cake\Http\Runner::__invoke() - CORE\src\Http\Runner.php, line 65
Cake\Routing\Middleware\RoutingMiddleware::__invoke() - CORE\src\Routing\Middleware\RoutingMiddleware.php, line 62
Cake\Http\Runner::__invoke() - CORE\src\Http\Runner.php, line 65
Cake\Routing\Middleware\AssetMiddleware::__invoke() - CORE\src\Routing\Middleware\AssetMiddleware.php, line 88
Cake\Http\Runner::__invoke() - CORE\src\Http\Runner.php, line 65
Cake\Error\Middleware\ErrorHandlerMiddleware::__invoke() - CORE\src\Error\Middleware\ErrorHandlerMiddleware.php, line 81
Cake\Http\Runner::__invoke() - CORE\src\Http\Runner.php, line 65
Cake\Http\Runner::run() - CORE\src\Http\Runner.php, line 51
Cake\Http\Server::run() - CORE\src\Http\Server.php, line 90
[main] - ROOT\webroot\index.php, line 37



2017-05-17 10:17:28 Notice: Notice (8): Trying to get property of non-object in [C:\xampp\htdocs\machrou3\src\Model\Table\UsersTable.php, line 280]
Request URL: /machrou3/consult
Referer URL: http://localhost/machrou3/
Trace:
Cake\Error\BaseErrorHandler::handleError() - CORE\src\Error\BaseErrorHandler.php, line 146
App\Model\Table\UsersTable::getAllEmployeesDataByUser() - APP/Model\Table\UsersTable.php, line 280
App\Model\Table\UsersTable::getCountEmpByUser() - APP/Model\Table\UsersTable.php, line 186
App\Controller\ConsultController::index() - APP/Controller\ConsultController.php, line 212
Cake\Controller\Controller::invokeAction() - CORE\src\Controller\Controller.php, line 435
Cake\Http\ActionDispatcher::_invoke() - CORE\src\Http\ActionDispatcher.php, line 121
Cake\Http\ActionDispatcher::dispatch() - CORE\src\Http\ActionDispatcher.php, line 95
Cake\Http\BaseApplication::__invoke() - CORE\src\Http\BaseApplication.php, line 83
Cake\Http\Runner::__invoke() - CORE\src\Http\Runner.php, line 65
Cake\Routing\Middleware\RoutingMiddleware::__invoke() - CORE\src\Routing\Middleware\RoutingMiddleware.php, line 62
Cake\Http\Runner::__invoke() - CORE\src\Http\Runner.php, line 65
Cake\Routing\Middleware\AssetMiddleware::__invoke() - CORE\src\Routing\Middleware\AssetMiddleware.php, line 88
Cake\Http\Runner::__invoke() - CORE\src\Http\Runner.php, line 65
Cake\Error\Middleware\ErrorHandlerMiddleware::__invoke() - CORE\src\Error\Middleware\ErrorHandlerMiddleware.php, line 81
Cake\Http\Runner::__invoke() - CORE\src\Http\Runner.php, line 65
Cake\Http\Runner::run() - CORE\src\Http\Runner.php, line 51
Cake\Http\Server::run() - CORE\src\Http\Server.php, line 90
[main] - ROOT\webroot\index.php, line 37



2017-05-17 10:18:28 Notice: Notice (8): Trying to get property of non-object in [C:\xampp\htdocs\machrou3\src\Model\Table\UsersTable.php, line 280]
Request URL: /machrou3/consult
Referer URL: http://localhost/machrou3/
Trace:
Cake\Error\BaseErrorHandler::handleError() - CORE\src\Error\BaseErrorHandler.php, line 146
App\Model\Table\UsersTable::getAllEmployeesDataByUser() - APP/Model\Table\UsersTable.php, line 280
App\Model\Table\UsersTable::getCountEmpByUser() - APP/Model\Table\UsersTable.php, line 186
App\Controller\ConsultController::index() - APP/Controller\ConsultController.php, line 212
Cake\Controller\Controller::invokeAction() - CORE\src\Controller\Controller.php, line 435
Cake\Http\ActionDispatcher::_invoke() - CORE\src\Http\ActionDispatcher.php, line 121
Cake\Http\ActionDispatcher::dispatch() - CORE\src\Http\ActionDispatcher.php, line 95
Cake\Http\BaseApplication::__invoke() - CORE\src\Http\BaseApplication.php, line 83
Cake\Http\Runner::__invoke() - CORE\src\Http\Runner.php, line 65
Cake\Routing\Middleware\RoutingMiddleware::__invoke() - CORE\src\Routing\Middleware\RoutingMiddleware.php, line 62
Cake\Http\Runner::__invoke() - CORE\src\Http\Runner.php, line 65
Cake\Routing\Middleware\AssetMiddleware::__invoke() - CORE\src\Routing\Middleware\AssetMiddleware.php, line 88
Cake\Http\Runner::__invoke() - CORE\src\Http\Runner.php, line 65
Cake\Error\Middleware\ErrorHandlerMiddleware::__invoke() - CORE\src\Error\Middleware\ErrorHandlerMiddleware.php, line 81
Cake\Http\Runner::__invoke() - CORE\src\Http\Runner.php, line 65
Cake\Http\Runner::run() - CORE\src\Http\Runner.php, line 51
Cake\Http\Server::run() - CORE\src\Http\Server.php, line 90
[main] - ROOT\webroot\index.php, line 37



2017-05-17 10:21:11 Notice: Notice (8): Trying to get property of non-object in [C:\xampp\htdocs\machrou3\src\Model\Table\UsersTable.php, line 280]
Request URL: /machrou3/consult
Referer URL: http://localhost/machrou3/
Trace:
Cake\Error\BaseErrorHandler::handleError() - CORE\src\Error\BaseErrorHandler.php, line 146
App\Model\Table\UsersTable::getAllEmployeesDataByUser() - APP/Model\Table\UsersTable.php, line 280
App\Model\Table\UsersTable::getCountEmpByUser() - APP/Model\Table\UsersTable.php, line 186
App\Controller\ConsultController::index() - APP/Controller\ConsultController.php, line 212
Cake\Controller\Controller::invokeAction() - CORE\src\Controller\Controller.php, line 435
Cake\Http\ActionDispatcher::_invoke() - CORE\src\Http\ActionDispatcher.php, line 121
Cake\Http\ActionDispatcher::dispatch() - CORE\src\Http\ActionDispatcher.php, line 95
Cake\Http\BaseApplication::__invoke() - CORE\src\Http\BaseApplication.php, line 83
Cake\Http\Runner::__invoke() - CORE\src\Http\Runner.php, line 65
Cake\Routing\Middleware\RoutingMiddleware::__invoke() - CORE\src\Routing\Middleware\RoutingMiddleware.php, line 62
Cake\Http\Runner::__invoke() - CORE\src\Http\Runner.php, line 65
Cake\Routing\Middleware\AssetMiddleware::__invoke() - CORE\src\Routing\Middleware\AssetMiddleware.php, line 88
Cake\Http\Runner::__invoke() - CORE\src\Http\Runner.php, line 65
Cake\Error\Middleware\ErrorHandlerMiddleware::__invoke() - CORE\src\Error\Middleware\ErrorHandlerMiddleware.php, line 81
Cake\Http\Runner::__invoke() - CORE\src\Http\Runner.php, line 65
Cake\Http\Runner::run() - CORE\src\Http\Runner.php, line 51
Cake\Http\Server::run() - CORE\src\Http\Server.php, line 90
[main] - ROOT\webroot\index.php, line 37



2017-05-17 10:21:31 Notice: Notice (8): Trying to get property of non-object in [C:\xampp\htdocs\machrou3\src\Model\Table\UsersTable.php, line 280]
Request URL: /machrou3/consult
Referer URL: http://localhost/machrou3/
Trace:
Cake\Error\BaseErrorHandler::handleError() - CORE\src\Error\BaseErrorHandler.php, line 146
App\Model\Table\UsersTable::getAllEmployeesDataByUser() - APP/Model\Table\UsersTable.php, line 280
App\Model\Table\UsersTable::getCountEmpByUser() - APP/Model\Table\UsersTable.php, line 186
App\Controller\ConsultController::index() - APP/Controller\ConsultController.php, line 212
Cake\Controller\Controller::invokeAction() - CORE\src\Controller\Controller.php, line 435
Cake\Http\ActionDispatcher::_invoke() - CORE\src\Http\ActionDispatcher.php, line 121
Cake\Http\ActionDispatcher::dispatch() - CORE\src\Http\ActionDispatcher.php, line 95
Cake\Http\BaseApplication::__invoke() - CORE\src\Http\BaseApplication.php, line 83
Cake\Http\Runner::__invoke() - CORE\src\Http\Runner.php, line 65
Cake\Routing\Middleware\RoutingMiddleware::__invoke() - CORE\src\Routing\Middleware\RoutingMiddleware.php, line 62
Cake\Http\Runner::__invoke() - CORE\src\Http\Runner.php, line 65
Cake\Routing\Middleware\AssetMiddleware::__invoke() - CORE\src\Routing\Middleware\AssetMiddleware.php, line 88
Cake\Http\Runner::__invoke() - CORE\src\Http\Runner.php, line 65
Cake\Error\Middleware\ErrorHandlerMiddleware::__invoke() - CORE\src\Error\Middleware\ErrorHandlerMiddleware.php, line 81
Cake\Http\Runner::__invoke() - CORE\src\Http\Runner.php, line 65
Cake\Http\Runner::run() - CORE\src\Http\Runner.php, line 51
Cake\Http\Server::run() - CORE\src\Http\Server.php, line 90
[main] - ROOT\webroot\index.php, line 37



2017-05-17 10:23:11 Notice: Notice (8): Trying to get property of non-object in [C:\xampp\htdocs\machrou3\src\Model\Table\UsersTable.php, line 281]
Request URL: /machrou3/consult
Referer URL: http://localhost/machrou3/
Trace:
Cake\Error\BaseErrorHandler::handleError() - CORE\src\Error\BaseErrorHandler.php, line 146
App\Model\Table\UsersTable::getAllEmployeesDataByUser() - APP/Model\Table\UsersTable.php, line 281
App\Model\Table\UsersTable::getCountEmpByUser() - APP/Model\Table\UsersTable.php, line 186
App\Controller\ConsultController::index() - APP/Controller\ConsultController.php, line 212
Cake\Controller\Controller::invokeAction() - CORE\src\Controller\Controller.php, line 435
Cake\Http\ActionDispatcher::_invoke() - CORE\src\Http\ActionDispatcher.php, line 121
Cake\Http\ActionDispatcher::dispatch() - CORE\src\Http\ActionDispatcher.php, line 95
Cake\Http\BaseApplication::__invoke() - CORE\src\Http\BaseApplication.php, line 83
Cake\Http\Runner::__invoke() - CORE\src\Http\Runner.php, line 65
Cake\Routing\Middleware\RoutingMiddleware::__invoke() - CORE\src\Routing\Middleware\RoutingMiddleware.php, line 62
Cake\Http\Runner::__invoke() - CORE\src\Http\Runner.php, line 65
Cake\Routing\Middleware\AssetMiddleware::__invoke() - CORE\src\Routing\Middleware\AssetMiddleware.php, line 88
Cake\Http\Runner::__invoke() - CORE\src\Http\Runner.php, line 65
Cake\Error\Middleware\ErrorHandlerMiddleware::__invoke() - CORE\src\Error\Middleware\ErrorHandlerMiddleware.php, line 81
Cake\Http\Runner::__invoke() - CORE\src\Http\Runner.php, line 65
Cake\Http\Runner::run() - CORE\src\Http\Runner.php, line 51
Cake\Http\Server::run() - CORE\src\Http\Server.php, line 90
[main] - ROOT\webroot\index.php, line 37



2017-05-17 10:27:15 Notice: Notice (8): Undefined variable: deps_ids in [C:\xampp\htdocs\machrou3\src\Model\Table\DepartementsTable.php, line 373]
Request URL: /machrou3/consult/departements
Referer URL: http://localhost/machrou3/consult/companies
Trace:
Cake\Error\BaseErrorHandler::handleError() - CORE\src\Error\BaseErrorHandler.php, line 146
App\Model\Table\DepartementsTable::getAllDepByUser() - APP/Model\Table\DepartementsTable.php, line 373
App\Model\Table\DepartementsTable::departementsOfThisUser() - APP/Model\Table\DepartementsTable.php, line 395
App\Controller\ConsultController::departements() - APP/Controller\ConsultController.php, line 246
Cake\Controller\Controller::invokeAction() - CORE\src\Controller\Controller.php, line 435
Cake\Http\ActionDispatcher::_invoke() - CORE\src\Http\ActionDispatcher.php, line 121
Cake\Http\ActionDispatcher::dispatch() - CORE\src\Http\ActionDispatcher.php, line 95
Cake\Http\BaseApplication::__invoke() - CORE\src\Http\BaseApplication.php, line 83
Cake\Http\Runner::__invoke() - CORE\src\Http\Runner.php, line 65
Cake\Routing\Middleware\RoutingMiddleware::__invoke() - CORE\src\Routing\Middleware\RoutingMiddleware.php, line 62
Cake\Http\Runner::__invoke() - CORE\src\Http\Runner.php, line 65
Cake\Routing\Middleware\AssetMiddleware::__invoke() - CORE\src\Routing\Middleware\AssetMiddleware.php, line 88
Cake\Http\Runner::__invoke() - CORE\src\Http\Runner.php, line 65
Cake\Error\Middleware\ErrorHandlerMiddleware::__invoke() - CORE\src\Error\Middleware\ErrorHandlerMiddleware.php, line 81
Cake\Http\Runner::__invoke() - CORE\src\Http\Runner.php, line 65
Cake\Http\Runner::run() - CORE\src\Http\Runner.php, line 51
Cake\Http\Server::run() - CORE\src\Http\Server.php, line 90
[main] - ROOT\webroot\index.php, line 37



2017-05-17 11:20:31 Notice: Notice (8): Array to string conversion in [C:\xampp\htdocs\machrou3\src\Model\Table\DepartementsTable.php, line 400]
Request URL: /machrou3/consult/departements
Referer URL: http://localhost/machrou3/consult/view-departement/9
Trace:
Cake\Error\BaseErrorHandler::handleError() - CORE\src\Error\BaseErrorHandler.php, line 146
App\Model\Table\DepartementsTable::departementsOfThisUser() - APP/Model\Table\DepartementsTable.php, line 400
App\Controller\ConsultController::departements() - APP/Controller\ConsultController.php, line 246
Cake\Controller\Controller::invokeAction() - CORE\src\Controller\Controller.php, line 435
Cake\Http\ActionDispatcher::_invoke() - CORE\src\Http\ActionDispatcher.php, line 121
Cake\Http\ActionDispatcher::dispatch() - CORE\src\Http\ActionDispatcher.php, line 95
Cake\Http\BaseApplication::__invoke() - CORE\src\Http\BaseApplication.php, line 83
Cake\Http\Runner::__invoke() - CORE\src\Http\Runner.php, line 65
Cake\Routing\Middleware\RoutingMiddleware::__invoke() - CORE\src\Routing\Middleware\RoutingMiddleware.php, line 62
Cake\Http\Runner::__invoke() - CORE\src\Http\Runner.php, line 65
Cake\Routing\Middleware\AssetMiddleware::__invoke() - CORE\src\Routing\Middleware\AssetMiddleware.php, line 88
Cake\Http\Runner::__invoke() - CORE\src\Http\Runner.php, line 65
Cake\Error\Middleware\ErrorHandlerMiddleware::__invoke() - CORE\src\Error\Middleware\ErrorHandlerMiddleware.php, line 81
Cake\Http\Runner::__invoke() - CORE\src\Http\Runner.php, line 65
Cake\Http\Runner::run() - CORE\src\Http\Runner.php, line 51
Cake\Http\Server::run() - CORE\src\Http\Server.php, line 90
[main] - ROOT\webroot\index.php, line 37



2017-05-17 11:24:33 Notice: Notice (8): Array to string conversion in [C:\xampp\htdocs\machrou3\src\Model\Table\DepartementsTable.php, line 400]
Request URL: /machrou3/consult/departements
Referer URL: http://localhost/machrou3/consult/view-departement/9
Trace:
Cake\Error\BaseErrorHandler::handleError() - CORE\src\Error\BaseErrorHandler.php, line 146
App\Model\Table\DepartementsTable::departementsOfThisUser() - APP/Model\Table\DepartementsTable.php, line 400
App\Controller\ConsultController::departements() - APP/Controller\ConsultController.php, line 246
Cake\Controller\Controller::invokeAction() - CORE\src\Controller\Controller.php, line 435
Cake\Http\ActionDispatcher::_invoke() - CORE\src\Http\ActionDispatcher.php, line 121
Cake\Http\ActionDispatcher::dispatch() - CORE\src\Http\ActionDispatcher.php, line 95
Cake\Http\BaseApplication::__invoke() - CORE\src\Http\BaseApplication.php, line 83
Cake\Http\Runner::__invoke() - CORE\src\Http\Runner.php, line 65
Cake\Routing\Middleware\RoutingMiddleware::__invoke() - CORE\src\Routing\Middleware\RoutingMiddleware.php, line 62
Cake\Http\Runner::__invoke() - CORE\src\Http\Runner.php, line 65
Cake\Routing\Middleware\AssetMiddleware::__invoke() - CORE\src\Routing\Middleware\AssetMiddleware.php, line 88
Cake\Http\Runner::__invoke() - CORE\src\Http\Runner.php, line 65
Cake\Error\Middleware\ErrorHandlerMiddleware::__invoke() - CORE\src\Error\Middleware\ErrorHandlerMiddleware.php, line 81
Cake\Http\Runner::__invoke() - CORE\src\Http\Runner.php, line 65
Cake\Http\Runner::run() - CORE\src\Http\Runner.php, line 51
Cake\Http\Server::run() - CORE\src\Http\Server.php, line 90
[main] - ROOT\webroot\index.php, line 37



2017-05-17 13:55:48 Notice: Notice (8): Undefined variable: companies_ids_string in [C:\xampp\htdocs\machrou3\src\Model\Table\CompaniesTable.php, line 231]
Request URL: /machrou3/companies
Referer URL: http://localhost/machrou3/companies
Trace:
Cake\Error\BaseErrorHandler::handleError() - CORE\src\Error\BaseErrorHandler.php, line 146
App\Model\Table\CompaniesTable::companiesOfThisUser() - APP/Model\Table\CompaniesTable.php, line 231
App\Controller\CompaniesController::index() - APP/Controller\CompaniesController.php, line 95
Cake\Controller\Controller::invokeAction() - CORE\src\Controller\Controller.php, line 435
Cake\Http\ActionDispatcher::_invoke() - CORE\src\Http\ActionDispatcher.php, line 121
Cake\Http\ActionDispatcher::dispatch() - CORE\src\Http\ActionDispatcher.php, line 95
Cake\Http\BaseApplication::__invoke() - CORE\src\Http\BaseApplication.php, line 83
Cake\Http\Runner::__invoke() - CORE\src\Http\Runner.php, line 65
Cake\Routing\Middleware\RoutingMiddleware::__invoke() - CORE\src\Routing\Middleware\RoutingMiddleware.php, line 62
Cake\Http\Runner::__invoke() - CORE\src\Http\Runner.php, line 65
Cake\Routing\Middleware\AssetMiddleware::__invoke() - CORE\src\Routing\Middleware\AssetMiddleware.php, line 88
Cake\Http\Runner::__invoke() - CORE\src\Http\Runner.php, line 65
Cake\Error\Middleware\ErrorHandlerMiddleware::__invoke() - CORE\src\Error\Middleware\ErrorHandlerMiddleware.php, line 81
Cake\Http\Runner::__invoke() - CORE\src\Http\Runner.php, line 65
Cake\Http\Runner::run() - CORE\src\Http\Runner.php, line 51
Cake\Http\Server::run() - CORE\src\Http\Server.php, line 90
[main] - ROOT\webroot\index.php, line 37



2017-05-17 14:54:06 Notice: Notice (8): Undefined property: Cake\ORM\Query::$name in [C:\xampp\htdocs\machrou3\src\Template\Consult\view_team_info.ctp, line 21]
Request URL: /machrou3/consult/view-team-info/22
Referer URL: http://localhost/machrou3/consult/teams-list
Trace:
Cake\Error\BaseErrorHandler::handleError() - CORE\src\Error\BaseErrorHandler.php, line 146
include - APP/Template\Consult\view_team_info.ctp, line 21
Cake\View\View::_evaluate() - CORE\src\View\View.php, line 1014
Cake\View\View::_render() - CORE\src\View\View.php, line 973
Cake\View\View::render() - CORE\src\View\View.php, line 597
Cake\Controller\Controller::render() - CORE\src\Controller\Controller.php, line 617
Cake\Http\ActionDispatcher::_invoke() - CORE\src\Http\ActionDispatcher.php, line 127
Cake\Http\ActionDispatcher::dispatch() - CORE\src\Http\ActionDispatcher.php, line 95
Cake\Http\BaseApplication::__invoke() - CORE\src\Http\BaseApplication.php, line 83
Cake\Http\Runner::__invoke() - CORE\src\Http\Runner.php, line 65
Cake\Routing\Middleware\RoutingMiddleware::__invoke() - CORE\src\Routing\Middleware\RoutingMiddleware.php, line 62
Cake\Http\Runner::__invoke() - CORE\src\Http\Runner.php, line 65
Cake\Routing\Middleware\AssetMiddleware::__invoke() - CORE\src\Routing\Middleware\AssetMiddleware.php, line 88
Cake\Http\Runner::__invoke() - CORE\src\Http\Runner.php, line 65
Cake\Error\Middleware\ErrorHandlerMiddleware::__invoke() - CORE\src\Error\Middleware\ErrorHandlerMiddleware.php, line 81
Cake\Http\Runner::__invoke() - CORE\src\Http\Runner.php, line 65
Cake\Http\Runner::run() - CORE\src\Http\Runner.php, line 51
Cake\Http\Server::run() - CORE\src\Http\Server.php, line 90
[main] - ROOT\webroot\index.php, line 37



2017-05-17 14:54:06 Notice: Notice (8): Undefined property: Cake\ORM\Query::$name in [C:\xampp\htdocs\machrou3\src\Template\Element\pagedata\teaminfo.ctp, line 3]
Request URL: /machrou3/consult/view-team-info/22
Referer URL: http://localhost/machrou3/consult/teams-list
Trace:
Cake\Error\BaseErrorHandler::handleError() - CORE\src\Error\BaseErrorHandler.php, line 146
include - APP/Template\Element\pagedata\teaminfo.ctp, line 3
Cake\View\View::_evaluate() - CORE\src\View\View.php, line 1014
Cake\View\View::_render() - CORE\src\View\View.php, line 973
Cake\View\View::_renderElement() - CORE\src\View\View.php, line 1363
Cake\View\View::element() - CORE\src\View\View.php, line 501
include - APP/Template\Consult\view_team_info.ctp, line 26
Cake\View\View::_evaluate() - CORE\src\View\View.php, line 1014
Cake\View\View::_render() - CORE\src\View\View.php, line 973
Cake\View\View::render() - CORE\src\View\View.php, line 597
Cake\Controller\Controller::render() - CORE\src\Controller\Controller.php, line 617
Cake\Http\ActionDispatcher::_invoke() - CORE\src\Http\ActionDispatcher.php, line 127
Cake\Http\ActionDispatcher::dispatch() - CORE\src\Http\ActionDispatcher.php, line 95
Cake\Http\BaseApplication::__invoke() - CORE\src\Http\BaseApplication.php, line 83
Cake\Http\Runner::__invoke() - CORE\src\Http\Runner.php, line 65
Cake\Routing\Middleware\RoutingMiddleware::__invoke() - CORE\src\Routing\Middleware\RoutingMiddleware.php, line 62
Cake\Http\Runner::__invoke() - CORE\src\Http\Runner.php, line 65
Cake\Routing\Middleware\AssetMiddleware::__invoke() - CORE\src\Routing\Middleware\AssetMiddleware.php, line 88
Cake\Http\Runner::__invoke() - CORE\src\Http\Runner.php, line 65
Cake\Error\Middleware\ErrorHandlerMiddleware::__invoke() - CORE\src\Error\Middleware\ErrorHandlerMiddleware.php, line 81
Cake\Http\Runner::__invoke() - CORE\src\Http\Runner.php, line 65
Cake\Http\Runner::run() - CORE\src\Http\Runner.php, line 51
Cake\Http\Server::run() - CORE\src\Http\Server.php, line 90
[main] - ROOT\webroot\index.php, line 37



2017-05-17 14:54:06 Notice: Notice (8): Undefined property: Cake\ORM\Query::$name in [C:\xampp\htdocs\machrou3\src\Template\Element\pagedata\teaminfo.ctp, line 9]
Request URL: /machrou3/consult/view-team-info/22
Referer URL: http://localhost/machrou3/consult/teams-list
Trace:
Cake\Error\BaseErrorHandler::handleError() - CORE\src\Error\BaseErrorHandler.php, line 146
include - APP/Template\Element\pagedata\teaminfo.ctp, line 9
Cake\View\View::_evaluate() - CORE\src\View\View.php, line 1014
Cake\View\View::_render() - CORE\src\View\View.php, line 973
Cake\View\View::_renderElement() - CORE\src\View\View.php, line 1363
Cake\View\View::element() - CORE\src\View\View.php, line 501
include - APP/Template\Consult\view_team_info.ctp, line 26
Cake\View\View::_evaluate() - CORE\src\View\View.php, line 1014
Cake\View\View::_render() - CORE\src\View\View.php, line 973
Cake\View\View::render() - CORE\src\View\View.php, line 597
Cake\Controller\Controller::render() - CORE\src\Controller\Controller.php, line 617
Cake\Http\ActionDispatcher::_invoke() - CORE\src\Http\ActionDispatcher.php, line 127
Cake\Http\ActionDispatcher::dispatch() - CORE\src\Http\ActionDispatcher.php, line 95
Cake\Http\BaseApplication::__invoke() - CORE\src\Http\BaseApplication.php, line 83
Cake\Http\Runner::__invoke() - CORE\src\Http\Runner.php, line 65
Cake\Routing\Middleware\RoutingMiddleware::__invoke() - CORE\src\Routing\Middleware\RoutingMiddleware.php, line 62
Cake\Http\Runner::__invoke() - CORE\src\Http\Runner.php, line 65
Cake\Routing\Middleware\AssetMiddleware::__invoke() - CORE\src\Routing\Middleware\AssetMiddleware.php, line 88
Cake\Http\Runner::__invoke() - CORE\src\Http\Runner.php, line 65
Cake\Error\Middleware\ErrorHandlerMiddleware::__invoke() - CORE\src\Error\Middleware\ErrorHandlerMiddleware.php, line 81
Cake\Http\Runner::__invoke() - CORE\src\Http\Runner.php, line 65
Cake\Http\Runner::run() - CORE\src\Http\Runner.php, line 51
Cake\Http\Server::run() - CORE\src\Http\Server.php, line 90
[main] - ROOT\webroot\index.php, line 37



2017-05-17 14:54:06 Notice: Notice (8): Undefined property: Cake\ORM\Query::$departement in [C:\xampp\htdocs\machrou3\src\Template\Element\pagedata\teaminfo.ctp, line 13]
Request URL: /machrou3/consult/view-team-info/22
Referer URL: http://localhost/machrou3/consult/teams-list
Trace:
Cake\Error\BaseErrorHandler::handleError() - CORE\src\Error\BaseErrorHandler.php, line 146
include - APP/Template\Element\pagedata\teaminfo.ctp, line 13
Cake\View\View::_evaluate() - CORE\src\View\View.php, line 1014
Cake\View\View::_render() - CORE\src\View\View.php, line 973
Cake\View\View::_renderElement() - CORE\src\View\View.php, line 1363
Cake\View\View::element() - CORE\src\View\View.php, line 501
include - APP/Template\Consult\view_team_info.ctp, line 26
Cake\View\View::_evaluate() - CORE\src\View\View.php, line 1014
Cake\View\View::_render() - CORE\src\View\View.php, line 973
Cake\View\View::render() - CORE\src\View\View.php, line 597
Cake\Controller\Controller::render() - CORE\src\Controller\Controller.php, line 617
Cake\Http\ActionDispatcher::_invoke() - CORE\src\Http\ActionDispatcher.php, line 127
Cake\Http\ActionDispatcher::dispatch() - CORE\src\Http\ActionDispatcher.php, line 95
Cake\Http\BaseApplication::__invoke() - CORE\src\Http\BaseApplication.php, line 83
Cake\Http\Runner::__invoke() - CORE\src\Http\Runner.php, line 65
Cake\Routing\Middleware\RoutingMiddleware::__invoke() - CORE\src\Routing\Middleware\RoutingMiddleware.php, line 62
Cake\Http\Runner::__invoke() - CORE\src\Http\Runner.php, line 65
Cake\Routing\Middleware\AssetMiddleware::__invoke() - CORE\src\Routing\Middleware\AssetMiddleware.php, line 88
Cake\Http\Runner::__invoke() - CORE\src\Http\Runner.php, line 65
Cake\Error\Middleware\ErrorHandlerMiddleware::__invoke() - CORE\src\Error\Middleware\ErrorHandlerMiddleware.php, line 81
Cake\Http\Runner::__invoke() - CORE\src\Http\Runner.php, line 65
Cake\Http\Runner::run() - CORE\src\Http\Runner.php, line 51
Cake\Http\Server::run() - CORE\src\Http\Server.php, line 90
[main] - ROOT\webroot\index.php, line 37



2017-05-17 14:54:06 Notice: Notice (8): Trying to get property of non-object in [C:\xampp\htdocs\machrou3\src\Template\Element\pagedata\teaminfo.ctp, line 13]
Request URL: /machrou3/consult/view-team-info/22
Referer URL: http://localhost/machrou3/consult/teams-list
Trace:
Cake\Error\BaseErrorHandler::handleError() - CORE\src\Error\BaseErrorHandler.php, line 146
include - APP/Template\Element\pagedata\teaminfo.ctp, line 13
Cake\View\View::_evaluate() - CORE\src\View\View.php, line 1014
Cake\View\View::_render() - CORE\src\View\View.php, line 973
Cake\View\View::_renderElement() - CORE\src\View\View.php, line 1363
Cake\View\View::element() - CORE\src\View\View.php, line 501
include - APP/Template\Consult\view_team_info.ctp, line 26
Cake\View\View::_evaluate() - CORE\src\View\View.php, line 1014
Cake\View\View::_render() - CORE\src\View\View.php, line 973
Cake\View\View::render() - CORE\src\View\View.php, line 597
Cake\Controller\Controller::render() - CORE\src\Controller\Controller.php, line 617
Cake\Http\ActionDispatcher::_invoke() - CORE\src\Http\ActionDispatcher.php, line 127
Cake\Http\ActionDispatcher::dispatch() - CORE\src\Http\ActionDispatcher.php, line 95
Cake\Http\BaseApplication::__invoke() - CORE\src\Http\BaseApplication.php, line 83
Cake\Http\Runner::__invoke() - CORE\src\Http\Runner.php, line 65
Cake\Routing\Middleware\RoutingMiddleware::__invoke() - CORE\src\Routing\Middleware\RoutingMiddleware.php, line 62
Cake\Http\Runner::__invoke() - CORE\src\Http\Runner.php, line 65
Cake\Routing\Middleware\AssetMiddleware::__invoke() - CORE\src\Routing\Middleware\AssetMiddleware.php, line 88
Cake\Http\Runner::__invoke() - CORE\src\Http\Runner.php, line 65
Cake\Error\Middleware\ErrorHandlerMiddleware::__invoke() - CORE\src\Error\Middleware\ErrorHandlerMiddleware.php, line 81
Cake\Http\Runner::__invoke() - CORE\src\Http\Runner.php, line 65
Cake\Http\Runner::run() - CORE\src\Http\Runner.php, line 51
Cake\Http\Server::run() - CORE\src\Http\Server.php, line 90
[main] - ROOT\webroot\index.php, line 37



2017-05-17 14:54:06 Notice: Notice (8): Undefined property: Cake\ORM\Query::$description in [C:\xampp\htdocs\machrou3\src\Template\Element\pagedata\teaminfo.ctp, line 30]
Request URL: /machrou3/consult/view-team-info/22
Referer URL: http://localhost/machrou3/consult/teams-list
Trace:
Cake\Error\BaseErrorHandler::handleError() - CORE\src\Error\BaseErrorHandler.php, line 146
include - APP/Template\Element\pagedata\teaminfo.ctp, line 30
Cake\View\View::_evaluate() - CORE\src\View\View.php, line 1014
Cake\View\View::_render() - CORE\src\View\View.php, line 973
Cake\View\View::_renderElement() - CORE\src\View\View.php, line 1363
Cake\View\View::element() - CORE\src\View\View.php, line 501
include - APP/Template\Consult\view_team_info.ctp, line 26
Cake\View\View::_evaluate() - CORE\src\View\View.php, line 1014
Cake\View\View::_render() - CORE\src\View\View.php, line 973
Cake\View\View::render() - CORE\src\View\View.php, line 597
Cake\Controller\Controller::render() - CORE\src\Controller\Controller.php, line 617
Cake\Http\ActionDispatcher::_invoke() - CORE\src\Http\ActionDispatcher.php, line 127
Cake\Http\ActionDispatcher::dispatch() - CORE\src\Http\ActionDispatcher.php, line 95
Cake\Http\BaseApplication::__invoke() - CORE\src\Http\BaseApplication.php, line 83
Cake\Http\Runner::__invoke() - CORE\src\Http\Runner.php, line 65
Cake\Routing\Middleware\RoutingMiddleware::__invoke() - CORE\src\Routing\Middleware\RoutingMiddleware.php, line 62
Cake\Http\Runner::__invoke() - CORE\src\Http\Runner.php, line 65
Cake\Routing\Middleware\AssetMiddleware::__invoke() - CORE\src\Routing\Middleware\AssetMiddleware.php, line 88
Cake\Http\Runner::__invoke() - CORE\src\Http\Runner.php, line 65
Cake\Error\Middleware\ErrorHandlerMiddleware::__invoke() - CORE\src\Error\Middleware\ErrorHandlerMiddleware.php, line 81
Cake\Http\Runner::__invoke() - CORE\src\Http\Runner.php, line 65
Cake\Http\Runner::run() - CORE\src\Http\Runner.php, line 51
Cake\Http\Server::run() - CORE\src\Http\Server.php, line 90
[main] - ROOT\webroot\index.php, line 37



2017-05-17 14:54:44 Notice: Notice (8): Undefined variable: project_ids in [C:\xampp\htdocs\machrou3\src\Model\Table\TeamsTable.php, line 233]
Request URL: /machrou3/consult/view-team-info/22
Referer URL: http://localhost/machrou3/consult/teams-list
Trace:
Cake\Error\BaseErrorHandler::handleError() - CORE\src\Error\BaseErrorHandler.php, line 146
App\Model\Table\TeamsTable::getThisTeamDataByUser() - APP/Model\Table\TeamsTable.php, line 233
App\Controller\ConsultController::viewTeamInfo() - APP/Controller\ConsultController.php, line 330
Cake\Controller\Controller::invokeAction() - CORE\src\Controller\Controller.php, line 435
Cake\Http\ActionDispatcher::_invoke() - CORE\src\Http\ActionDispatcher.php, line 121
Cake\Http\ActionDispatcher::dispatch() - CORE\src\Http\ActionDispatcher.php, line 95
Cake\Http\BaseApplication::__invoke() - CORE\src\Http\BaseApplication.php, line 83
Cake\Http\Runner::__invoke() - CORE\src\Http\Runner.php, line 65
Cake\Routing\Middleware\RoutingMiddleware::__invoke() - CORE\src\Routing\Middleware\RoutingMiddleware.php, line 62
Cake\Http\Runner::__invoke() - CORE\src\Http\Runner.php, line 65
Cake\Routing\Middleware\AssetMiddleware::__invoke() - CORE\src\Routing\Middleware\AssetMiddleware.php, line 88
Cake\Http\Runner::__invoke() - CORE\src\Http\Runner.php, line 65
Cake\Error\Middleware\ErrorHandlerMiddleware::__invoke() - CORE\src\Error\Middleware\ErrorHandlerMiddleware.php, line 81
Cake\Http\Runner::__invoke() - CORE\src\Http\Runner.php, line 65
Cake\Http\Runner::run() - CORE\src\Http\Runner.php, line 51
Cake\Http\Server::run() - CORE\src\Http\Server.php, line 90
[main] - ROOT\webroot\index.php, line 37



